org.openqa.selenium.TimeoutException: Timed out after 15 seconds waiting for visibility of element located by By.id: CC-loginHeader-login
Build info: version: '2.53.1', revision: 'a36b8b1', time: '2016-06-30 17:32:46'
System info: host: 'DESKTOP-PSQAKN1', ip: '20.1.1.219', os.name: 'Windows 10', os.arch: 'amd64', os.version: '10.0', java.version: '1.8.0_121'
Driver info: org.openqa.selenium.remote.RemoteWebDriver
Capabilities [{noReset=true, safari=true, browserstack.tunnelIdentifier=, language=Apache-HttpClient/4.5.1 (Java/1.8.0_121), deviceName==iPhone 6s (9.1) [88BB330F-5430-4C03-8D87-7F479039246C], platform=MAC, browserstack.video.disableWaterMark=false, desired={noReset=true, browserstack.tunnelIdentifier=, language=Apache-HttpClient/4.5.1 (Java/1.8.0_121), deviceName==iPhone 6s (9.1) [88BB330F-5430-4C03-8D87-7F479039246C], platform=MAC, browserstack.video.disableWaterMark=false, acceptSslCerts=false, newCommandTimeout=300, browser=iphone, platformVersion=9.1, acceptSslCert=false, browserName=safari, platformName=iOS, 64bit=false, browserstack.debug=true, orientation=portrait, browserstack.ie.noFlash=false, os_version=, mobile={"browser":"mobile","version":"iPhone 6S-9.1"}, version=, browserstack.video=true, safariIgnoreFraudWarning=true, orig_os=macelc, realMobile=false, deviceOrientation=PORTRAIT, device=iPhone 6S, browserstack.callbackStop=true, proxy_type=node}, acceptSslCerts=false, newCommandTimeout=300, browser=iphone, platformVersion=9.1, webStorageEnabled=false, acceptSslCert=false, browserName=safari, takesScreenshot=true, javascriptEnabled=true, platformName=iOS, 64bit=false, browserstack.debug=true, networkConnectionEnabled=false, orientation=portrait, browserstack.ie.noFlash=false, warnings={}, os_version=, mobile={"browser":"mobile","version":"iPhone 6S-9.1"}, databaseEnabled=false, version=, browserstack.video=true, safariIgnoreFraudWarning=true, orig_os=macelc, realMobile=false, locationContextEnabled=false, deviceOrientation=PORTRAIT, device=iPhone 6S, browserstack.callbackStop=true, proxy_type=node}]
Session ID: d1c7a0843731282b201ceb2be92c6e43917c172e
	at org.openqa.selenium.support.ui.WebDriverWait.timeoutException(WebDriverWait.java:80)
	at org.openqa.selenium.support.ui.FluentWait.until(FluentWait.java:261)
	at com.ch.occ.utils.SeleniumUtils.elements(SeleniumUtils.java:416)
	at com.ch.occ.utils.SeleniumUtils.click(SeleniumUtils.java:58)
	at com.ch.occ.utils.OCCUtlis.occLogin(OCCUtlis.java:13)
	at com.ch.occ.test.ForgottenPasswordTest.forgotPassword(ForgottenPasswordTest.java:46)
	at sun.reflect.NativeMethodAccessorImpl.invoke0(Native Method)
	at sun.reflect.NativeMethodAccessorImpl.invoke(Unknown Source)
	at sun.reflect.DelegatingMethodAccessorImpl.invoke(Unknown Source)
	at java.lang.reflect.Method.invoke(Unknown Source)
	at org.testng.internal.MethodInvocationHelper.invokeMethod(MethodInvocationHelper.java:85)
	at org.testng.internal.Invoker.invokeMethod(Invoker.java:639)
	at org.testng.internal.Invoker.invokeTestMethod(Invoker.java:816)
	at org.testng.internal.Invoker.invokeTestMethods(Invoker.java:1124)
	at org.testng.internal.TestMethodWorker.invokeTestMethods(TestMethodWorker.java:125)
	at org.testng.internal.TestMethodWorker.run(TestMethodWorker.java:108)
	at java.util.concurrent.ThreadPoolExecutor.runWorker(Unknown Source)
	at java.util.concurrent.ThreadPoolExecutor$Worker.run(Unknown Source)
	at java.lang.Thread.run(Unknown Source)
