org.openqa.selenium.NoSuchElementException: An element could not be located on the page using the given search parameters. (WARNING: The server did not provide any stacktrace information)
Command duration or timeout: 232 milliseconds
For documentation on this error, please visit: http://seleniumhq.org/exceptions/no_such_element.html
Build info: version: '2.53.1', revision: 'a36b8b1', time: '2016-06-30 17:32:46'
System info: host: 'DESKTOP-PSQAKN1', ip: '20.1.1.219', os.name: 'Windows 10', os.arch: 'amd64', os.version: '10.0', java.version: '1.8.0_121'
Driver info: org.openqa.selenium.remote.RemoteWebDriver
Capabilities [{noReset=true, safari=true, browserstack.tunnelIdentifier=, language=Apache-HttpClient/4.5.1 (Java/1.8.0_121), deviceName==iPhone 6s (9.1) [E6AB3254-D404-4967-9A70-D7E752AFF96C], platform=MAC, browserstack.video.disableWaterMark=false, desired={noReset=true, browserstack.tunnelIdentifier=, language=Apache-HttpClient/4.5.1 (Java/1.8.0_121), deviceName==iPhone 6s (9.1) [E6AB3254-D404-4967-9A70-D7E752AFF96C], platform=MAC, browserstack.video.disableWaterMark=false, acceptSslCerts=false, newCommandTimeout=300, browser=iphone, platformVersion=9.1, acceptSslCert=false, browserName=safari, platformName=iOS, 64bit=false, browserstack.debug=true, orientation=portrait, browserstack.ie.noFlash=false, os_version=, mobile={"browser":"mobile","version":"iPhone 6S-9.1"}, version=, browserstack.video=true, safariIgnoreFraudWarning=true, orig_os=macelc, realMobile=false, deviceOrientation=PORTRAIT, device=iPhone 6S, browserstack.callbackStop=true, proxy_type=node}, acceptSslCerts=false, newCommandTimeout=300, browser=iphone, platformVersion=9.1, webStorageEnabled=false, acceptSslCert=false, browserName=safari, takesScreenshot=true, javascriptEnabled=true, platformName=iOS, 64bit=false, browserstack.debug=true, networkConnectionEnabled=false, orientation=portrait, browserstack.ie.noFlash=false, warnings={}, os_version=, mobile={"browser":"mobile","version":"iPhone 6S-9.1"}, databaseEnabled=false, version=, browserstack.video=true, safariIgnoreFraudWarning=true, orig_os=macelc, realMobile=false, locationContextEnabled=false, deviceOrientation=PORTRAIT, device=iPhone 6S, browserstack.callbackStop=true, proxy_type=node}]
Session ID: fec671b4433dab14efa12f211b4f9ff3f7794c4f
*** Element info: {Using=name, value=bphoneNumber}
	at sun.reflect.NativeConstructorAccessorImpl.newInstance0(Native Method)
	at sun.reflect.NativeConstructorAccessorImpl.newInstance(Unknown Source)
	at sun.reflect.DelegatingConstructorAccessorImpl.newInstance(Unknown Source)
	at java.lang.reflect.Constructor.newInstance(Unknown Source)
	at org.openqa.selenium.remote.ErrorHandler.createThrowable(ErrorHandler.java:206)
	at org.openqa.selenium.remote.ErrorHandler.throwIfResponseFailed(ErrorHandler.java:158)
	at org.openqa.selenium.remote.RemoteWebDriver.execute(RemoteWebDriver.java:678)
	at org.openqa.selenium.remote.RemoteWebDriver.findElement(RemoteWebDriver.java:363)
	at org.openqa.selenium.remote.RemoteWebDriver.findElementByName(RemoteWebDriver.java:461)
	at org.openqa.selenium.By$ByName.findElement(By.java:303)
	at org.openqa.selenium.remote.RemoteWebDriver.findElement(RemoteWebDriver.java:355)
	at com.ch.occ.pages.CheckOutPage.checkOutBAPhn(CheckOutPage.java:858)
	at com.ch.occ.pages.CheckOutPage.billAddValidData(CheckOutPage.java:214)
	at com.ch.occ.test.CheckOutTest.custCanAddvalidToBillAddrForCheckout(CheckOutTest.java:933)
	at sun.reflect.NativeMethodAccessorImpl.invoke0(Native Method)
	at sun.reflect.NativeMethodAccessorImpl.invoke(Unknown Source)
	at sun.reflect.DelegatingMethodAccessorImpl.invoke(Unknown Source)
	at java.lang.reflect.Method.invoke(Unknown Source)
	at org.testng.internal.MethodInvocationHelper.invokeMethod(MethodInvocationHelper.java:85)
	at org.testng.internal.Invoker.invokeMethod(Invoker.java:639)
	at org.testng.internal.Invoker.invokeTestMethod(Invoker.java:816)
	at org.testng.internal.Invoker.invokeTestMethods(Invoker.java:1124)
	at org.testng.internal.TestMethodWorker.invokeTestMethods(TestMethodWorker.java:125)
	at org.testng.internal.TestMethodWorker.run(TestMethodWorker.java:108)
	at java.util.concurrent.ThreadPoolExecutor.runWorker(Unknown Source)
	at java.util.concurrent.ThreadPoolExecutor$Worker.run(Unknown Source)
	at java.lang.Thread.run(Unknown Source)
